10848	/mnt/staging/data/clovr-prok-db/db/tchar
890164	/mnt/staging/data/clovr-prok-db/db/coding_hmm
27	/mnt/staging/data/clovr-prok-db/db/TIGRFAMs
37600	/mnt/staging/data/clovr-prok-db/db/ncbi/COG
37602	/mnt/staging/data/clovr-prok-db/db/ncbi
3717075	/mnt/staging/data/clovr-prok-db/db/panda/AllGroup
3717077	/mnt/staging/data/clovr-prok-db/db/panda
38388	/mnt/staging/data/clovr-prok-db/db/tigr_roles/omnium/bcp
38390	/mnt/staging/data/clovr-prok-db/db/tigr_roles/omnium
10	/mnt/staging/data/clovr-prok-db/db/tigr_roles/hmm
79214	/mnt/staging/data/clovr-prok-db/db/tigr_roles
4734933	/mnt/staging/data/clovr-prok-db/db
6161609	/mnt/staging/data/clovr-prok-db
3336	/mnt/staging/data/BD413_wt_INPUT_DATA_TAG/opt/hudson
3338	/mnt/staging/data/BD413_wt_INPUT_DATA_TAG/opt
3340	/mnt/staging/data/BD413_wt_INPUT_DATA_TAG
6164951	/mnt/staging/data
573	/mnt/staging/ergatis/ncbi-blastp/11_pre_overlap_analysis/i1/g1
363	/mnt/staging/ergatis/ncbi-blastp/11_pre_overlap_analysis/i1/g11
183	/mnt/staging/ergatis/ncbi-blastp/11_pre_overlap_analysis/i1/g7
187	/mnt/staging/ergatis/ncbi-blastp/11_pre_overlap_analysis/i1/g18
510	/mnt/staging/ergatis/ncbi-blastp/11_pre_overlap_analysis/i1/g6
512	/mnt/staging/ergatis/ncbi-blastp/11_pre_overlap_analysis/i1/g16
283	/mnt/staging/ergatis/ncbi-blastp/11_pre_overlap_analysis/i1/g4
425	/mnt/staging/ergatis/ncbi-blastp/11_pre_overlap_analysis/i1/g20
146	/mnt/staging/ergatis/ncbi-blastp/11_pre_overlap_analysis/i1/g14
812	/mnt/staging/ergatis/ncbi-blastp/11_pre_overlap_analysis/i1/g3
498	/mnt/staging/ergatis/ncbi-blastp/11_pre_overlap_analysis/i1/g17
480	/mnt/staging/ergatis/ncbi-blastp/11_pre_overlap_analysis/i1/g19
271	/mnt/staging/ergatis/ncbi-blastp/11_pre_overlap_analysis/i1/g13
227	/mnt/staging/ergatis/ncbi-blastp/11_pre_overlap_analysis/i1/g10
540	/mnt/staging/ergatis/ncbi-blastp/11_pre_overlap_analysis/i1/g15
361	/mnt/staging/ergatis/ncbi-blastp/11_pre_overlap_analysis/i1/g5
467	/mnt/staging/ergatis/ncbi-blastp/11_pre_overlap_analysis/i1/g12
251	/mnt/staging/ergatis/ncbi-blastp/11_pre_overlap_analysis/i1/g8
345	/mnt/staging/ergatis/ncbi-blastp/11_pre_overlap_analysis/i1/g9
555	/mnt/staging/ergatis/ncbi-blastp/11_pre_overlap_analysis/i1/g2
7984	/mnt/staging/ergatis/ncbi-blastp/11_pre_overlap_analysis/i1
7995	/mnt/staging/ergatis/ncbi-blastp/11_pre_overlap_analysis
60	/mnt/staging/ergatis/ncbi-blastp/11_COGS/i1/g1
47	/mnt/staging/ergatis/ncbi-blastp/11_COGS/i1/g11
122	/mnt/staging/ergatis/ncbi-blastp/11_COGS/i1/g7
15	/mnt/staging/ergatis/ncbi-blastp/11_COGS/i1/g18
26	/mnt/staging/ergatis/ncbi-blastp/11_COGS/i1/g6
31	/mnt/staging/ergatis/ncbi-blastp/11_COGS/i1/g16
196	/mnt/staging/ergatis/ncbi-blastp/11_COGS/i1/g4
65	/mnt/staging/ergatis/ncbi-blastp/11_COGS/i1/g20
110	/mnt/staging/ergatis/ncbi-blastp/11_COGS/i1/g14
167	/mnt/staging/ergatis/ncbi-blastp/11_COGS/i1/g3
168	/mnt/staging/ergatis/ncbi-blastp/11_COGS/i1/g17
51	/mnt/staging/ergatis/ncbi-blastp/11_COGS/i1/g19
82	/mnt/staging/ergatis/ncbi-blastp/11_COGS/i1/g13
59	/mnt/staging/ergatis/ncbi-blastp/11_COGS/i1/g10
46	/mnt/staging/ergatis/ncbi-blastp/11_COGS/i1/g15
62	/mnt/staging/ergatis/ncbi-blastp/11_COGS/i1/g5
246	/mnt/staging/ergatis/ncbi-blastp/11_COGS/i1/g12
61	/mnt/staging/ergatis/ncbi-blastp/11_COGS/i1/g8
113	/mnt/staging/ergatis/ncbi-blastp/11_COGS/i1/g9
66	/mnt/staging/ergatis/ncbi-blastp/11_COGS/i1/g2
1790	/mnt/staging/ergatis/ncbi-blastp/11_COGS/i1
1800	/mnt/staging/ergatis/ncbi-blastp/11_COGS
42	/mnt/staging/ergatis/ncbi-blastp/14_COGS/i1/g1
142	/mnt/staging/ergatis/ncbi-blastp/14_COGS/i1/g11
157	/mnt/staging/ergatis/ncbi-blastp/14_COGS/i1/g7
49	/mnt/staging/ergatis/ncbi-blastp/14_COGS/i1/g18
86	/mnt/staging/ergatis/ncbi-blastp/14_COGS/i1/g6
56	/mnt/staging/ergatis/ncbi-blastp/14_COGS/i1/g16
41	/mnt/staging/ergatis/ncbi-blastp/14_COGS/i1/g4
119	/mnt/staging/ergatis/ncbi-blastp/14_COGS/i1/g20
88	/mnt/staging/ergatis/ncbi-blastp/14_COGS/i1/g14
89	/mnt/staging/ergatis/ncbi-blastp/14_COGS/i1/g3
167	/mnt/staging/ergatis/ncbi-blastp/14_COGS/i1/g17
39	/mnt/staging/ergatis/ncbi-blastp/14_COGS/i1/g19
22	/mnt/staging/ergatis/ncbi-blastp/14_COGS/i1/g13
92	/mnt/staging/ergatis/ncbi-blastp/14_COGS/i1/g10
72	/mnt/staging/ergatis/ncbi-blastp/14_COGS/i1/g15
155	/mnt/staging/ergatis/ncbi-blastp/14_COGS/i1/g5
69	/mnt/staging/ergatis/ncbi-blastp/14_COGS/i1/g12
184	/mnt/staging/ergatis/ncbi-blastp/14_COGS/i1/g8
53	/mnt/staging/ergatis/ncbi-blastp/14_COGS/i1/g9
74	/mnt/staging/ergatis/ncbi-blastp/14_COGS/i1/g2
1795	/mnt/staging/ergatis/ncbi-blastp/14_COGS/i1
1804	/mnt/staging/ergatis/ncbi-blastp/14_COGS
64	/mnt/staging/ergatis/ncbi-blastp/5_COGS/i1/g1
20	/mnt/staging/ergatis/ncbi-blastp/5_COGS/i1/g11
40	/mnt/staging/ergatis/ncbi-blastp/5_COGS/i1/g7
207	/mnt/staging/ergatis/ncbi-blastp/5_COGS/i1/g18
162	/mnt/staging/ergatis/ncbi-blastp/5_COGS/i1/g6
48	/mnt/staging/ergatis/ncbi-blastp/5_COGS/i1/g16
118	/mnt/staging/ergatis/ncbi-blastp/5_COGS/i1/g4
190	/mnt/staging/ergatis/ncbi-blastp/5_COGS/i1/g20
56	/mnt/staging/ergatis/ncbi-blastp/5_COGS/i1/g14
137	/mnt/staging/ergatis/ncbi-blastp/5_COGS/i1/g3
52	/mnt/staging/ergatis/ncbi-blastp/5_COGS/i1/g17
11	/mnt/staging/ergatis/ncbi-blastp/5_COGS/i1/g19
55	/mnt/staging/ergatis/ncbi-blastp/5_COGS/i1/g13
18	/mnt/staging/ergatis/ncbi-blastp/5_COGS/i1/g10
45	/mnt/staging/ergatis/ncbi-blastp/5_COGS/i1/g15
232	/mnt/staging/ergatis/ncbi-blastp/5_COGS/i1/g5
148	/mnt/staging/ergatis/ncbi-blastp/5_COGS/i1/g12
82	/mnt/staging/ergatis/ncbi-blastp/5_COGS/i1/g8
67	/mnt/staging/ergatis/ncbi-blastp/5_COGS/i1/g9
40	/mnt/staging/ergatis/ncbi-blastp/5_COGS/i1/g2
1790	/mnt/staging/ergatis/ncbi-blastp/5_COGS/i1
1800	/mnt/staging/ergatis/ncbi-blastp/5_COGS
280	/mnt/staging/ergatis/ncbi-blastp/14_pre_overlap_analysis/i1/g1
463	/mnt/staging/ergatis/ncbi-blastp/14_pre_overlap_analysis/i1/g11
520	/mnt/staging/ergatis/ncbi-blastp/14_pre_overlap_analysis/i1/g7
263	/mnt/staging/ergatis/ncbi-blastp/14_pre_overlap_analysis/i1/g18
390	/mnt/staging/ergatis/ncbi-blastp/14_pre_overlap_analysis/i1/g6
251	/mnt/staging/ergatis/ncbi-blastp/14_pre_overlap_analysis/i1/g16
549	/mnt/staging/ergatis/ncbi-blastp/14_pre_overlap_analysis/i1/g4
277	/mnt/staging/ergatis/ncbi-blastp/14_pre_overlap_analysis/i1/g20
557	/mnt/staging/ergatis/ncbi-blastp/14_pre_overlap_analysis/i1/g14
624	/mnt/staging/ergatis/ncbi-blastp/14_pre_overlap_analysis/i1/g3
576	/mnt/staging/ergatis/ncbi-blastp/14_pre_overlap_analysis/i1/g17
270	/mnt/staging/ergatis/ncbi-blastp/14_pre_overlap_analysis/i1/g19
305	/mnt/staging/ergatis/ncbi-blastp/14_pre_overlap_analysis/i1/g13
481	/mnt/staging/ergatis/ncbi-blastp/14_pre_overlap_analysis/i1/g10
504	/mnt/staging/ergatis/ncbi-blastp/14_pre_overlap_analysis/i1/g15
239	/mnt/staging/ergatis/ncbi-blastp/14_pre_overlap_analysis/i1/g5
15	/mnt/staging/ergatis/ncbi-blastp/14_pre_overlap_analysis/i1/g12
536	/mnt/staging/ergatis/ncbi-blastp/14_pre_overlap_analysis/i1/g8
247	/mnt/staging/ergatis/ncbi-blastp/14_pre_overlap_analysis/i1/g9
646	/mnt/staging/ergatis/ncbi-blastp/14_pre_overlap_analysis/i1/g2
7990	/mnt/staging/ergatis/ncbi-blastp/14_pre_overlap_analysis/i1
8001	/mnt/staging/ergatis/ncbi-blastp/14_pre_overlap_analysis
846	/mnt/staging/ergatis/ncbi-blastp/5_pre_overlap_analysis/i1/g1
262	/mnt/staging/ergatis/ncbi-blastp/5_pre_overlap_analysis/i1/g11
430	/mnt/staging/ergatis/ncbi-blastp/5_pre_overlap_analysis/i1/g7
480	/mnt/staging/ergatis/ncbi-blastp/5_pre_overlap_analysis/i1/g18
625	/mnt/staging/ergatis/ncbi-blastp/5_pre_overlap_analysis/i1/g6
362	/mnt/staging/ergatis/ncbi-blastp/5_pre_overlap_analysis/i1/g16
516	/mnt/staging/ergatis/ncbi-blastp/5_pre_overlap_analysis/i1/g4
497	/mnt/staging/ergatis/ncbi-blastp/5_pre_overlap_analysis/i1/g20
274	/mnt/staging/ergatis/ncbi-blastp/5_pre_overlap_analysis/i1/g14
591	/mnt/staging/ergatis/ncbi-blastp/5_pre_overlap_analysis/i1/g3
408	/mnt/staging/ergatis/ncbi-blastp/5_pre_overlap_analysis/i1/g17
43	/mnt/staging/ergatis/ncbi-blastp/5_pre_overlap_analysis/i1/g19
246	/mnt/staging/ergatis/ncbi-blastp/5_pre_overlap_analysis/i1/g13
535	/mnt/staging/ergatis/ncbi-blastp/5_pre_overlap_analysis/i1/g10
82	/mnt/staging/ergatis/ncbi-blastp/5_pre_overlap_analysis/i1/g15
534	/mnt/staging/ergatis/ncbi-blastp/5_pre_overlap_analysis/i1/g5
486	/mnt/staging/ergatis/ncbi-blastp/5_pre_overlap_analysis/i1/g12
227	/mnt/staging/ergatis/ncbi-blastp/5_pre_overlap_analysis/i1/g8
474	/mnt/staging/ergatis/ncbi-blastp/5_pre_overlap_analysis/i1/g9
67	/mnt/staging/ergatis/ncbi-blastp/5_pre_overlap_analysis/i1/g2
7984	/mnt/staging/ergatis/ncbi-blastp/5_pre_overlap_analysis/i1
7995	/mnt/staging/ergatis/ncbi-blastp/5_pre_overlap_analysis
29396	/mnt/staging/ergatis/ncbi-blastp
33	/mnt/staging/ergatis/split_multifasta/9_default/i1/g1
35	/mnt/staging/ergatis/split_multifasta/9_default/i1
37	/mnt/staging/ergatis/split_multifasta/9_default
33	/mnt/staging/ergatis/split_multifasta/11_default/i1/g1
35	/mnt/staging/ergatis/split_multifasta/11_default/i1
37	/mnt/staging/ergatis/split_multifasta/11_default
33	/mnt/staging/ergatis/split_multifasta/14_default/i1/g1
35	/mnt/staging/ergatis/split_multifasta/14_default/i1
37	/mnt/staging/ergatis/split_multifasta/14_default
33	/mnt/staging/ergatis/split_multifasta/5_default/i1/g1
35	/mnt/staging/ergatis/split_multifasta/5_default/i1
37	/mnt/staging/ergatis/split_multifasta/5_default
33	/mnt/staging/ergatis/split_multifasta/12_default/i1/g1
35	/mnt/staging/ergatis/split_multifasta/12_default/i1
37	/mnt/staging/ergatis/split_multifasta/12_default
33	/mnt/staging/ergatis/split_multifasta/8_default/i1/g1
35	/mnt/staging/ergatis/split_multifasta/8_default/i1
37	/mnt/staging/ergatis/split_multifasta/8_default
224	/mnt/staging/ergatis/split_multifasta
55	/mnt/staging/ergatis/translate_sequence/11_final_polypeptides/i1/g1
57	/mnt/staging/ergatis/translate_sequence/11_final_polypeptides/i1
70	/mnt/staging/ergatis/translate_sequence/11_final_polypeptides
55	/mnt/staging/ergatis/translate_sequence/14_final_polypeptides/i1/g1
57	/mnt/staging/ergatis/translate_sequence/14_final_polypeptides/i1
70	/mnt/staging/ergatis/translate_sequence/14_final_polypeptides
55	/mnt/staging/ergatis/translate_sequence/12_translate_prediction/i1/g1
57	/mnt/staging/ergatis/translate_sequence/12_translate_prediction/i1
69	/mnt/staging/ergatis/translate_sequence/12_translate_prediction
55	/mnt/staging/ergatis/translate_sequence/14_translate_prediction/i1/g1
57	/mnt/staging/ergatis/translate_sequence/14_translate_prediction/i1
70	/mnt/staging/ergatis/translate_sequence/14_translate_prediction
55	/mnt/staging/ergatis/translate_sequence/9_translate_prediction/i1/g1
57	/mnt/staging/ergatis/translate_sequence/9_translate_prediction/i1
69	/mnt/staging/ergatis/translate_sequence/9_translate_prediction
55	/mnt/staging/ergatis/translate_sequence/5_final_polypeptides/i1/g1
57	/mnt/staging/ergatis/translate_sequence/5_final_polypeptides/i1
70	/mnt/staging/ergatis/translate_sequence/5_final_polypeptides
55	/mnt/staging/ergatis/translate_sequence/5_translate_prediction/i1/g1
57	/mnt/staging/ergatis/translate_sequence/5_translate_prediction/i1
69	/mnt/staging/ergatis/translate_sequence/5_translate_prediction
55	/mnt/staging/ergatis/translate_sequence/8_translate_prediction/i1/g1
57	/mnt/staging/ergatis/translate_sequence/8_translate_prediction/i1
69	/mnt/staging/ergatis/translate_sequence/8_translate_prediction
55	/mnt/staging/ergatis/translate_sequence/11_translate_prediction/i1/g1
57	/mnt/staging/ergatis/translate_sequence/11_translate_prediction/i1
69	/mnt/staging/ergatis/translate_sequence/11_translate_prediction
625	/mnt/staging/ergatis/translate_sequence
1360	/mnt/staging/ergatis/ber/11_pre_overlap_analysis/i1/g1
516	/mnt/staging/ergatis/ber/11_pre_overlap_analysis/i1/g11
896	/mnt/staging/ergatis/ber/11_pre_overlap_analysis/i1/g7
104	/mnt/staging/ergatis/ber/11_pre_overlap_analysis/i1/g18
976	/mnt/staging/ergatis/ber/11_pre_overlap_analysis/i1/g6
530	/mnt/staging/ergatis/ber/11_pre_overlap_analysis/i1/g16
686	/mnt/staging/ergatis/ber/11_pre_overlap_analysis/i1/g4
747	/mnt/staging/ergatis/ber/11_pre_overlap_analysis/i1/g20
636	/mnt/staging/ergatis/ber/11_pre_overlap_analysis/i1/g14
1815	/mnt/staging/ergatis/ber/11_pre_overlap_analysis/i1/g3
538	/mnt/staging/ergatis/ber/11_pre_overlap_analysis/i1/g17
16	/mnt/staging/ergatis/ber/11_pre_overlap_analysis/i1/g19
729	/mnt/staging/ergatis/ber/11_pre_overlap_analysis/i1/g13
506	/mnt/staging/ergatis/ber/11_pre_overlap_analysis/i1/g10
827	/mnt/staging/ergatis/ber/11_pre_overlap_analysis/i1/g15
1683	/mnt/staging/ergatis/ber/11_pre_overlap_analysis/i1/g5
743	/mnt/staging/ergatis/ber/11_pre_overlap_analysis/i1/g12
1172	/mnt/staging/ergatis/ber/11_pre_overlap_analysis/i1/g8
429	/mnt/staging/ergatis/ber/11_pre_overlap_analysis/i1/g9
265	/mnt/staging/ergatis/ber/11_pre_overlap_analysis/i1/g2
15172	/mnt/staging/ergatis/ber/11_pre_overlap_analysis/i1
15182	/mnt/staging/ergatis/ber/11_pre_overlap_analysis
1418	/mnt/staging/ergatis/ber/14_pre_overlap_analysis/i1/g1
484	/mnt/staging/ergatis/ber/14_pre_overlap_analysis/i1/g11
168	/mnt/staging/ergatis/ber/14_pre_overlap_analysis/i1/g7
410	/mnt/staging/ergatis/ber/14_pre_overlap_analysis/i1/g18
1658	/mnt/staging/ergatis/ber/14_pre_overlap_analysis/i1/g6
679	/mnt/staging/ergatis/ber/14_pre_overlap_analysis/i1/g16
936	/mnt/staging/ergatis/ber/14_pre_overlap_analysis/i1/g4
30	/mnt/staging/ergatis/ber/14_pre_overlap_analysis/i1/g20
602	/mnt/staging/ergatis/ber/14_pre_overlap_analysis/i1/g14
1214	/mnt/staging/ergatis/ber/14_pre_overlap_analysis/i1/g3
932	/mnt/staging/ergatis/ber/14_pre_overlap_analysis/i1/g17
1005	/mnt/staging/ergatis/ber/14_pre_overlap_analysis/i1/g19
56	/mnt/staging/ergatis/ber/14_pre_overlap_analysis/i1/g13
426	/mnt/staging/ergatis/ber/14_pre_overlap_analysis/i1/g10
718	/mnt/staging/ergatis/ber/14_pre_overlap_analysis/i1/g15
1032	/mnt/staging/ergatis/ber/14_pre_overlap_analysis/i1/g5
950	/mnt/staging/ergatis/ber/14_pre_overlap_analysis/i1/g12
206	/mnt/staging/ergatis/ber/14_pre_overlap_analysis/i1/g8
1045	/mnt/staging/ergatis/ber/14_pre_overlap_analysis/i1/g9
1218	/mnt/staging/ergatis/ber/14_pre_overlap_analysis/i1/g2
15184	/mnt/staging/ergatis/ber/14_pre_overlap_analysis/i1
15194	/mnt/staging/ergatis/ber/14_pre_overlap_analysis
237	/mnt/staging/ergatis/ber/5_pre_overlap_analysis/i1/g1
455	/mnt/staging/ergatis/ber/5_pre_overlap_analysis/i1/g11
922	/mnt/staging/ergatis/ber/5_pre_overlap_analysis/i1/g7
941	/mnt/staging/ergatis/ber/5_pre_overlap_analysis/i1/g18
1251	/mnt/staging/ergatis/ber/5_pre_overlap_analysis/i1/g6
423	/mnt/staging/ergatis/ber/5_pre_overlap_analysis/i1/g16
473	/mnt/staging/ergatis/ber/5_pre_overlap_analysis/i1/g4
98	/mnt/staging/ergatis/ber/5_pre_overlap_analysis/i1/g20
589	/mnt/staging/ergatis/ber/5_pre_overlap_analysis/i1/g14
568	/mnt/staging/ergatis/ber/5_pre_overlap_analysis/i1/g3
976	/mnt/staging/ergatis/ber/5_pre_overlap_analysis/i1/g17
1138	/mnt/staging/ergatis/ber/5_pre_overlap_analysis/i1/g19
659	/mnt/staging/ergatis/ber/5_pre_overlap_analysis/i1/g13
749	/mnt/staging/ergatis/ber/5_pre_overlap_analysis/i1/g10
946	/mnt/staging/ergatis/ber/5_pre_overlap_analysis/i1/g15
1324	/mnt/staging/ergatis/ber/5_pre_overlap_analysis/i1/g5
429	/mnt/staging/ergatis/ber/5_pre_overlap_analysis/i1/g12
729	/mnt/staging/ergatis/ber/5_pre_overlap_analysis/i1/g8
693	/mnt/staging/ergatis/ber/5_pre_overlap_analysis/i1/g9
1571	/mnt/staging/ergatis/ber/5_pre_overlap_analysis/i1/g2
15168	/mnt/staging/ergatis/ber/5_pre_overlap_analysis/i1
15178	/mnt/staging/ergatis/ber/5_pre_overlap_analysis
45556	/mnt/staging/ergatis/ber
2	/mnt/staging/ergatis/hmmpfam/12_pre_overlap_analysis
17	/mnt/staging/ergatis/hmmpfam/11_pre_overlap_analysis/i1/g1
17	/mnt/staging/ergatis/hmmpfam/11_pre_overlap_analysis/i1/g11
53	/mnt/staging/ergatis/hmmpfam/11_pre_overlap_analysis/i1/g7
30	/mnt/staging/ergatis/hmmpfam/11_pre_overlap_analysis/i1/g18
54	/mnt/staging/ergatis/hmmpfam/11_pre_overlap_analysis/i1/g6
114	/mnt/staging/ergatis/hmmpfam/11_pre_overlap_analysis/i1/g16
58	/mnt/staging/ergatis/hmmpfam/11_pre_overlap_analysis/i1/g4
18	/mnt/staging/ergatis/hmmpfam/11_pre_overlap_analysis/i1/g20
41	/mnt/staging/ergatis/hmmpfam/11_pre_overlap_analysis/i1/g14
48	/mnt/staging/ergatis/hmmpfam/11_pre_overlap_analysis/i1/g3
15	/mnt/staging/ergatis/hmmpfam/11_pre_overlap_analysis/i1/g17
10	/mnt/staging/ergatis/hmmpfam/11_pre_overlap_analysis/i1/g19
12	/mnt/staging/ergatis/hmmpfam/11_pre_overlap_analysis/i1/g13
173	/mnt/staging/ergatis/hmmpfam/11_pre_overlap_analysis/i1/g10
120	/mnt/staging/ergatis/hmmpfam/11_pre_overlap_analysis/i1/g15
34	/mnt/staging/ergatis/hmmpfam/11_pre_overlap_analysis/i1/g5
27	/mnt/staging/ergatis/hmmpfam/11_pre_overlap_analysis/i1/g12
14	/mnt/staging/ergatis/hmmpfam/11_pre_overlap_analysis/i1/g8
22	/mnt/staging/ergatis/hmmpfam/11_pre_overlap_analysis/i1/g9
57	/mnt/staging/ergatis/hmmpfam/11_pre_overlap_analysis/i1/g2
930	/mnt/staging/ergatis/hmmpfam/11_pre_overlap_analysis/i1
940	/mnt/staging/ergatis/hmmpfam/11_pre_overlap_analysis
47	/mnt/staging/ergatis/hmmpfam/8_pre_overlap_analysis/i1/g1
12	/mnt/staging/ergatis/hmmpfam/8_pre_overlap_analysis/i1/g2
61	/mnt/staging/ergatis/hmmpfam/8_pre_overlap_analysis/i1
63	/mnt/staging/ergatis/hmmpfam/8_pre_overlap_analysis
22	/mnt/staging/ergatis/hmmpfam/14_pre_overlap_analysis/i1/g1
13	/mnt/staging/ergatis/hmmpfam/14_pre_overlap_analysis/i1/g11
37	/mnt/staging/ergatis/hmmpfam/14_pre_overlap_analysis/i1/g7
14	/mnt/staging/ergatis/hmmpfam/14_pre_overlap_analysis/i1/g18
22	/mnt/staging/ergatis/hmmpfam/14_pre_overlap_analysis/i1/g6
24	/mnt/staging/ergatis/hmmpfam/14_pre_overlap_analysis/i1/g16
66	/mnt/staging/ergatis/hmmpfam/14_pre_overlap_analysis/i1/g4
17	/mnt/staging/ergatis/hmmpfam/14_pre_overlap_analysis/i1/g20
71	/mnt/staging/ergatis/hmmpfam/14_pre_overlap_analysis/i1/g14
30	/mnt/staging/ergatis/hmmpfam/14_pre_overlap_analysis/i1/g3
149	/mnt/staging/ergatis/hmmpfam/14_pre_overlap_analysis/i1/g17
48	/mnt/staging/ergatis/hmmpfam/14_pre_overlap_analysis/i1/g19
32	/mnt/staging/ergatis/hmmpfam/14_pre_overlap_analysis/i1/g13
10	/mnt/staging/ergatis/hmmpfam/14_pre_overlap_analysis/i1/g10
45	/mnt/staging/ergatis/hmmpfam/14_pre_overlap_analysis/i1/g15
18	/mnt/staging/ergatis/hmmpfam/14_pre_overlap_analysis/i1/g5
89	/mnt/staging/ergatis/hmmpfam/14_pre_overlap_analysis/i1/g12
115	/mnt/staging/ergatis/hmmpfam/14_pre_overlap_analysis/i1/g8
15	/mnt/staging/ergatis/hmmpfam/14_pre_overlap_analysis/i1/g9
96	/mnt/staging/ergatis/hmmpfam/14_pre_overlap_analysis/i1/g2
930	/mnt/staging/ergatis/hmmpfam/14_pre_overlap_analysis/i1
940	/mnt/staging/ergatis/hmmpfam/14_pre_overlap_analysis
29	/mnt/staging/ergatis/hmmpfam/5_pre_overlap_analysis/i1/g1
20	/mnt/staging/ergatis/hmmpfam/5_pre_overlap_analysis/i1/g11
21	/mnt/staging/ergatis/hmmpfam/5_pre_overlap_analysis/i1/g7
45	/mnt/staging/ergatis/hmmpfam/5_pre_overlap_analysis/i1/g18
88	/mnt/staging/ergatis/hmmpfam/5_pre_overlap_analysis/i1/g6
37	/mnt/staging/ergatis/hmmpfam/5_pre_overlap_analysis/i1/g16
43	/mnt/staging/ergatis/hmmpfam/5_pre_overlap_analysis/i1/g4
126	/mnt/staging/ergatis/hmmpfam/5_pre_overlap_analysis/i1/g20
10	/mnt/staging/ergatis/hmmpfam/5_pre_overlap_analysis/i1/g14
28	/mnt/staging/ergatis/hmmpfam/5_pre_overlap_analysis/i1/g3
27	/mnt/staging/ergatis/hmmpfam/5_pre_overlap_analysis/i1/g17
86	/mnt/staging/ergatis/hmmpfam/5_pre_overlap_analysis/i1/g19
48	/mnt/staging/ergatis/hmmpfam/5_pre_overlap_analysis/i1/g13
151	/mnt/staging/ergatis/hmmpfam/5_pre_overlap_analysis/i1/g10
20	/mnt/staging/ergatis/hmmpfam/5_pre_overlap_analysis/i1/g15
53	/mnt/staging/ergatis/hmmpfam/5_pre_overlap_analysis/i1/g5
16	/mnt/staging/ergatis/hmmpfam/5_pre_overlap_analysis/i1/g12
14	/mnt/staging/ergatis/hmmpfam/5_pre_overlap_analysis/i1/g8
19	/mnt/staging/ergatis/hmmpfam/5_pre_overlap_analysis/i1/g9
52	/mnt/staging/ergatis/hmmpfam/5_pre_overlap_analysis/i1/g2
930	/mnt/staging/ergatis/hmmpfam/5_pre_overlap_analysis/i1
939	/mnt/staging/ergatis/hmmpfam/5_pre_overlap_analysis
2885	/mnt/staging/ergatis/hmmpfam
5	/mnt/staging/ergatis/bsml2featurerelationships/11_pre_overlap_analysis
5	/mnt/staging/ergatis/bsml2featurerelationships/14_pre_overlap_analysis
5	/mnt/staging/ergatis/bsml2featurerelationships/5_pre_overlap_analysis
16	/mnt/staging/ergatis/bsml2featurerelationships
57	/mnt/staging/ergatis/overlap_analysis/11_default/i1/g1
59	/mnt/staging/ergatis/overlap_analysis/11_default/i1
62	/mnt/staging/ergatis/overlap_analysis/11_default
58	/mnt/staging/ergatis/overlap_analysis/14_default/i1/g1
60	/mnt/staging/ergatis/overlap_analysis/14_default/i1
62	/mnt/staging/ergatis/overlap_analysis/14_default
57	/mnt/staging/ergatis/overlap_analysis/5_default/i1/g1
59	/mnt/staging/ergatis/overlap_analysis/5_default/i1
62	/mnt/staging/ergatis/overlap_analysis/5_default
187	/mnt/staging/ergatis/overlap_analysis
19	/mnt/staging/ergatis/RNAmmer/9_default/i1/g1
21	/mnt/staging/ergatis/RNAmmer/9_default/i1
25	/mnt/staging/ergatis/RNAmmer/9_default
19	/mnt/staging/ergatis/RNAmmer/11_default/i1/g1
21	/mnt/staging/ergatis/RNAmmer/11_default/i1
25	/mnt/staging/ergatis/RNAmmer/11_default
19	/mnt/staging/ergatis/RNAmmer/14_default/i1/g1
21	/mnt/staging/ergatis/RNAmmer/14_default/i1
25	/mnt/staging/ergatis/RNAmmer/14_default
19	/mnt/staging/ergatis/RNAmmer/5_default/i1/g1
21	/mnt/staging/ergatis/RNAmmer/5_default/i1
25	/mnt/staging/ergatis/RNAmmer/5_default
19	/mnt/staging/ergatis/RNAmmer/12_default/i1/g1
21	/mnt/staging/ergatis/RNAmmer/12_default/i1
25	/mnt/staging/ergatis/RNAmmer/12_default
19	/mnt/staging/ergatis/RNAmmer/8_default/i1/g1
21	/mnt/staging/ergatis/RNAmmer/8_default/i1
25	/mnt/staging/ergatis/RNAmmer/8_default
152	/mnt/staging/ergatis/RNAmmer
2	/mnt/staging/ergatis/pipeline_summary/11_default/i1/g1
4	/mnt/staging/ergatis/pipeline_summary/11_default/i1
112	/mnt/staging/ergatis/pipeline_summary/11_default
2	/mnt/staging/ergatis/pipeline_summary/14_default/i1/g1
4	/mnt/staging/ergatis/pipeline_summary/14_default/i1
112	/mnt/staging/ergatis/pipeline_summary/14_default
2	/mnt/staging/ergatis/pipeline_summary/5_default/i1/g1
4	/mnt/staging/ergatis/pipeline_summary/5_default/i1
112	/mnt/staging/ergatis/pipeline_summary/5_default
337	/mnt/staging/ergatis/pipeline_summary
15	/mnt/staging/ergatis/formatdb/11_pre_overlap_analysis
15	/mnt/staging/ergatis/formatdb/14_pre_overlap_analysis
15	/mnt/staging/ergatis/formatdb/5_pre_overlap_analysis
46	/mnt/staging/ergatis/formatdb
24	/mnt/staging/ergatis/bsml2fasta/8_prediction_CDS
24	/mnt/staging/ergatis/bsml2fasta/11_prediction_CDS
35	/mnt/staging/ergatis/bsml2fasta/5_final_cds/0
39	/mnt/staging/ergatis/bsml2fasta/5_final_cds
24	/mnt/staging/ergatis/bsml2fasta/5_prediction_CDS
24	/mnt/staging/ergatis/bsml2fasta/12_prediction_CDS
35	/mnt/staging/ergatis/bsml2fasta/14_final_cds/0
39	/mnt/staging/ergatis/bsml2fasta/14_final_cds
24	/mnt/staging/ergatis/bsml2fasta/9_prediction_CDS
35	/mnt/staging/ergatis/bsml2fasta/11_final_cds/0
39	/mnt/staging/ergatis/bsml2fasta/11_final_cds
24	/mnt/staging/ergatis/bsml2fasta/14_prediction_CDS
259	/mnt/staging/ergatis/bsml2fasta
3	/mnt/staging/ergatis/train_for_glimmer3_iteration/5_train_for_glimmer
3	/mnt/staging/ergatis/train_for_glimmer3_iteration/12_train_for_glimmer
3	/mnt/staging/ergatis/train_for_glimmer3_iteration/9_train_for_glimmer
3	/mnt/staging/ergatis/train_for_glimmer3_iteration/11_train_for_glimmer
3	/mnt/staging/ergatis/train_for_glimmer3_iteration/8_train_for_glimmer
3	/mnt/staging/ergatis/train_for_glimmer3_iteration/14_train_for_glimmer
17	/mnt/staging/ergatis/train_for_glimmer3_iteration
2	/mnt/staging/ergatis/celera_assembler_cloud/10_default/MERGE-TRIMMING/g1
4	/mnt/staging/ergatis/celera_assembler_cloud/10_default/MERGE-TRIMMING
2	/mnt/staging/ergatis/celera_assembler_cloud/10_default/OVERLAPPER/g1
4	/mnt/staging/ergatis/celera_assembler_cloud/10_default/OVERLAPPER
2	/mnt/staging/ergatis/celera_assembler_cloud/10_default/OVERLAP-TRIM/g1
4	/mnt/staging/ergatis/celera_assembler_cloud/10_default/OVERLAP-TRIM
184	/mnt/staging/ergatis/celera_assembler_cloud/10_default/BD413_wt/0-overlaptrim
144	/mnt/staging/ergatis/celera_assembler_cloud/10_default/BD413_wt/0-overlaptrim-overlap/0000000001
150	/mnt/staging/ergatis/celera_assembler_cloud/10_default/BD413_wt/0-overlaptrim-overlap
1057	/mnt/staging/ergatis/celera_assembler_cloud/10_default/BD413_wt/BD413_wt.gkpStore
7173	/mnt/staging/ergatis/celera_assembler_cloud/10_default/BD413_wt/0-mercounts
10	/mnt/staging/ergatis/celera_assembler_cloud/10_default/BD413_wt/runCA-logs
131	/mnt/staging/ergatis/celera_assembler_cloud/10_default/BD413_wt/1-overlapper/0000000001
137	/mnt/staging/ergatis/celera_assembler_cloud/10_default/BD413_wt/1-overlapper
8714	/mnt/staging/ergatis/celera_assembler_cloud/10_default/BD413_wt
2	/mnt/staging/ergatis/celera_assembler_cloud/10_default/MERYL/g1
4	/mnt/staging/ergatis/celera_assembler_cloud/10_default/MERYL
8732	/mnt/staging/ergatis/celera_assembler_cloud/10_default
2	/mnt/staging/ergatis/celera_assembler_cloud/7_default/OVERLAP-TRIM/g1
4	/mnt/staging/ergatis/celera_assembler_cloud/7_default/OVERLAP-TRIM
75	/mnt/staging/ergatis/celera_assembler_cloud/7_default/BD413_wt/0-overlaptrim
2	/mnt/staging/ergatis/celera_assembler_cloud/7_default/BD413_wt/0-overlaptrim-overlap/0000000001
7	/mnt/staging/ergatis/celera_assembler_cloud/7_default/BD413_wt/0-overlaptrim-overlap
890	/mnt/staging/ergatis/celera_assembler_cloud/7_default/BD413_wt/BD413_wt.gkpStore
7173	/mnt/staging/ergatis/celera_assembler_cloud/7_default/BD413_wt/0-mercounts
7	/mnt/staging/ergatis/celera_assembler_cloud/7_default/BD413_wt/runCA-logs
8155	/mnt/staging/ergatis/celera_assembler_cloud/7_default/BD413_wt
2	/mnt/staging/ergatis/celera_assembler_cloud/7_default/MERYL/g1
4	/mnt/staging/ergatis/celera_assembler_cloud/7_default/MERYL
8165	/mnt/staging/ergatis/celera_assembler_cloud/7_default
2	/mnt/staging/ergatis/celera_assembler_cloud/13_default/OVERLAP-TRIM/g1
4	/mnt/staging/ergatis/celera_assembler_cloud/13_default/OVERLAP-TRIM
75	/mnt/staging/ergatis/celera_assembler_cloud/13_default/BD413_wt/0-overlaptrim
144	/mnt/staging/ergatis/celera_assembler_cloud/13_default/BD413_wt/0-overlaptrim-overlap/0000000001
150	/mnt/staging/ergatis/celera_assembler_cloud/13_default/BD413_wt/0-overlaptrim-overlap
890	/mnt/staging/ergatis/celera_assembler_cloud/13_default/BD413_wt/BD413_wt.gkpStore
7173	/mnt/staging/ergatis/celera_assembler_cloud/13_default/BD413_wt/0-mercounts
7	/mnt/staging/ergatis/celera_assembler_cloud/13_default/BD413_wt/runCA-logs
8298	/mnt/staging/ergatis/celera_assembler_cloud/13_default/BD413_wt
2	/mnt/staging/ergatis/celera_assembler_cloud/13_default/MERYL/g1
4	/mnt/staging/ergatis/celera_assembler_cloud/13_default/MERYL
8308	/mnt/staging/ergatis/celera_assembler_cloud/13_default
2	/mnt/staging/ergatis/celera_assembler_cloud/6_default/OVERLAP-TRIM/g1
4	/mnt/staging/ergatis/celera_assembler_cloud/6_default/OVERLAP-TRIM
75	/mnt/staging/ergatis/celera_assembler_cloud/6_default/BD413_wt/0-overlaptrim
2	/mnt/staging/ergatis/celera_assembler_cloud/6_default/BD413_wt/0-overlaptrim-overlap/0000000001
7	/mnt/staging/ergatis/celera_assembler_cloud/6_default/BD413_wt/0-overlaptrim-overlap
890	/mnt/staging/ergatis/celera_assembler_cloud/6_default/BD413_wt/BD413_wt.gkpStore
7173	/mnt/staging/ergatis/celera_assembler_cloud/6_default/BD413_wt/0-mercounts
7	/mnt/staging/ergatis/celera_assembler_cloud/6_default/BD413_wt/runCA-logs
8155	/mnt/staging/ergatis/celera_assembler_cloud/6_default/BD413_wt
2	/mnt/staging/ergatis/celera_assembler_cloud/6_default/MERYL/g1
4	/mnt/staging/ergatis/celera_assembler_cloud/6_default/MERYL
8165	/mnt/staging/ergatis/celera_assembler_cloud/6_default
33371	/mnt/staging/ergatis/celera_assembler_cloud
7	/mnt/staging/ergatis/tRNAscan-SE/5_find_tRNA/i1/g1
9	/mnt/staging/ergatis/tRNAscan-SE/5_find_tRNA/i1
12	/mnt/staging/ergatis/tRNAscan-SE/5_find_tRNA
7	/mnt/staging/ergatis/tRNAscan-SE/14_find_tRNA/i1/g1
9	/mnt/staging/ergatis/tRNAscan-SE/14_find_tRNA/i1
12	/mnt/staging/ergatis/tRNAscan-SE/14_find_tRNA
7	/mnt/staging/ergatis/tRNAscan-SE/8_find_tRNA/i1/g1
9	/mnt/staging/ergatis/tRNAscan-SE/8_find_tRNA/i1
12	/mnt/staging/ergatis/tRNAscan-SE/8_find_tRNA
7	/mnt/staging/ergatis/tRNAscan-SE/12_find_tRNA/i1/g1
9	/mnt/staging/ergatis/tRNAscan-SE/12_find_tRNA/i1
12	/mnt/staging/ergatis/tRNAscan-SE/12_find_tRNA
7	/mnt/staging/ergatis/tRNAscan-SE/9_find_tRNA/i1/g1
9	/mnt/staging/ergatis/tRNAscan-SE/9_find_tRNA/i1
12	/mnt/staging/ergatis/tRNAscan-SE/9_find_tRNA
7	/mnt/staging/ergatis/tRNAscan-SE/11_find_tRNA/i1/g1
9	/mnt/staging/ergatis/tRNAscan-SE/11_find_tRNA/i1
12	/mnt/staging/ergatis/tRNAscan-SE/11_find_tRNA
74	/mnt/staging/ergatis/tRNAscan-SE
388	/mnt/staging/ergatis/glimmer3/11_iter2
388	/mnt/staging/ergatis/glimmer3/14_iter1
388	/mnt/staging/ergatis/glimmer3/12_iter1
388	/mnt/staging/ergatis/glimmer3/9_iter1
388	/mnt/staging/ergatis/glimmer3/11_iter1
388	/mnt/staging/ergatis/glimmer3/12_iter2
388	/mnt/staging/ergatis/glimmer3/9_iter2
388	/mnt/staging/ergatis/glimmer3/5_iter1
388	/mnt/staging/ergatis/glimmer3/8_iter2
388	/mnt/staging/ergatis/glimmer3/8_iter1
388	/mnt/staging/ergatis/glimmer3/14_iter2
388	/mnt/staging/ergatis/glimmer3/5_iter2
4652	/mnt/staging/ergatis/glimmer3
117797	/mnt/staging/ergatis
8	/mnt/staging/tags
6282757	/mnt/staging
